{"C:\\Users\\Damilola Adebowale\\Documents\\DevDami\\Damicodes\\task-management\\src\\App.tsx": {"path":"C:\\Users\\Damilola Adebowale\\Documents\\DevDami\\Damicodes\\task-management\\src\\App.tsx","statementMap":{"0":{"start":{"line":1,"column":0},"end":{"line":1,"column":51}},"1":{"start":{"line":3,"column":0},"end":{"line":3,"column":55}},"2":{"start":{"line":4,"column":0},"end":{"line":4,"column":51}},"3":{"start":{"line":5,"column":0},"end":{"line":5,"column":55}},"4":{"start":{"line":6,"column":0},"end":{"line":6,"column":47}},"5":{"start":{"line":7,"column":0},"end":{"line":7,"column":33}},"6":{"start":{"line":8,"column":0},"end":{"line":8,"column":49}},"7":{"start":{"line":9,"column":0},"end":{"line":9,"column":56}},"8":{"start":{"line":10,"column":0},"end":{"line":10,"column":48}},"9":{"start":{"line":11,"column":0},"end":{"line":11,"column":52}},"10":{"start":{"line":12,"column":0},"end":{"line":12,"column":56}},"11":{"start":{"line":15,"column":36},"end":{"line":15,"column":57}},"12":{"start":{"line":16,"column":36},"end":{"line":16,"column":51}},"13":{"start":{"line":18,"column":41},"end":{"line":18,"column":56}},"14":{"start":{"line":22,"column":25},"end":{"line":24,"column":3}},"15":{"start":{"line":23,"column":4},"end":{"line":23,"column":22}},"16":{"start":{"line":26,"column":2},"end":{"line":66,"column":4}},"17":{"start":{"line":34,"column":12},"end":{"line":34,"column":31}},"18":{"start":{"line":69,"column":0},"end":{"line":69,"column":19}}},"fnMap":{"0":{"name":"App","decl":{"start":{"line":14,"column":9},"end":{"line":14,"column":12}},"loc":{"start":{"line":14,"column":12},"end":{"line":67,"column":1}}},"1":{"name":"(anonymous_2)","decl":{"start":{"line":22,"column":25},"end":{"line":22,"column":26}},"loc":{"start":{"line":22,"column":41},"end":{"line":24,"column":3}}},"2":{"name":"(anonymous_3)","decl":{"start":{"line":33,"column":19},"end":{"line":33,"column":22}},"loc":{"start":{"line":33,"column":24},"end":{"line":35,"column":11}}}},"branchMap":{"0":{"loc":{"start":{"line":56,"column":11},"end":{"line":56,"column":48}},"type":"binary-expr","locations":[{"start":{"line":56,"column":11},"end":{"line":56,"column":35}},{"start":{"line":56,"column":39},"end":{"line":56,"column":48}}]},"1":{"loc":{"start":{"line":57,"column":11},"end":{"line":57,"column":48}},"type":"binary-expr","locations":[{"start":{"line":57,"column":11},"end":{"line":57,"column":33}},{"start":{"line":57,"column":37},"end":{"line":57,"column":48}}]},"2":{"loc":{"start":{"line":58,"column":11},"end":{"line":58,"column":52}},"type":"binary-expr","locations":[{"start":{"line":58,"column":11},"end":{"line":58,"column":35}},{"start":{"line":58,"column":39},"end":{"line":58,"column":52}}]},"3":{"loc":{"start":{"line":62,"column":7},"end":{"line":63,"column":null}},"type":"binary-expr","locations":[{"start":{"line":62,"column":7},"end":{"line":62,"column":16}},{"start":{"line":63,"column":8},"end":{"line":63,"column":69}}]}},"s":{"0":1,"1":1,"2":1,"3":1,"4":1,"5":1,"6":1,"7":1,"8":1,"9":1,"10":1,"11":1,"12":1,"13":1,"14":1,"15":0,"16":1,"17":0,"18":1},"f":{"0":1,"1":0,"2":0},"b":{"0":[1,1],"1":[1,0],"2":[1,0],"3":[1,0]}}
,"C:\\Users\\Damilola Adebowale\\Documents\\DevDami\\Damicodes\\task-management\\src\\main.tsx": {"path":"C:\\Users\\Damilola Adebowale\\Documents\\DevDami\\Damicodes\\task-management\\src\\main.tsx","statementMap":{"0":{"start":{"line":1,"column":0},"end":{"line":1,"column":34}},"1":{"start":{"line":2,"column":0},"end":{"line":2,"column":45}},"2":{"start":{"line":3,"column":0},"end":{"line":3,"column":20}},"3":{"start":{"line":4,"column":0},"end":{"line":4,"column":27}},"4":{"start":{"line":5,"column":0},"end":{"line":5,"column":57}},"5":{"start":{"line":7,"column":0},"end":{"line":13,"column":2}}},"fnMap":{},"branchMap":{},"s":{"0":0,"1":0,"2":0,"3":0,"4":0,"5":0},"f":{},"b":{}}
,"C:\\Users\\Damilola Adebowale\\Documents\\DevDami\\Damicodes\\task-management\\src\\Store\\ContextProvider.tsx": {"path":"C:\\Users\\Damilola Adebowale\\Documents\\DevDami\\Damicodes\\task-management\\src\\Store\\ContextProvider.tsx","statementMap":{"0":{"start":{"line":12,"column":0},"end":{"line":12,"column":24}},"1":{"start":{"line":1,"column":0},"end":{"line":1,"column":null}},"2":{"start":{"line":10,"column":13},"end":{"line":10,"column":72}},"3":{"start":{"line":17,"column":28},"end":{"line":17,"column":50}},"4":{"start":{"line":19,"column":21},"end":{"line":27,"column":4}},"5":{"start":{"line":19,"column":32},"end":{"line":27,"column":4}},"6":{"start":{"line":20,"column":4},"end":{"line":26,"column":5}},"7":{"start":{"line":21,"column":18},"end":{"line":21,"column":60}},"8":{"start":{"line":22,"column":19},"end":{"line":22,"column":35}},"9":{"start":{"line":23,"column":6},"end":{"line":23,"column":21}},"10":{"start":{"line":25,"column":26},"end":{"line":25,"column":77}},"11":{"start":{"line":29,"column":18},"end":{"line":45,"column":4}},"12":{"start":{"line":29,"column":44},"end":{"line":45,"column":4}},"13":{"start":{"line":30,"column":4},"end":{"line":44,"column":5}},"14":{"start":{"line":31,"column":23},"end":{"line":37,"column":8}},"15":{"start":{"line":39,"column":19},"end":{"line":39,"column":40}},"16":{"start":{"line":40,"column":6},"end":{"line":40,"column":null}},"17":{"start":{"line":41,"column":26},"end":{"line":41,"column":93}},"18":{"start":{"line":43,"column":26},"end":{"line":43,"column":77}},"19":{"start":{"line":47,"column":21},"end":{"line":64,"column":4}},"20":{"start":{"line":47,"column":63},"end":{"line":64,"column":4}},"21":{"start":{"line":48,"column":4},"end":{"line":63,"column":5}},"22":{"start":{"line":49,"column":23},"end":{"line":55,"column":8}},"23":{"start":{"line":57,"column":19},"end":{"line":57,"column":40}},"24":{"start":{"line":58,"column":6},"end":{"line":58,"column":19}},"25":{"start":{"line":59,"column":26},"end":{"line":59,"column":95}},"26":{"start":{"line":62,"column":26},"end":{"line":62,"column":77}},"27":{"start":{"line":66,"column":22},"end":{"line":77,"column":5}},"28":{"start":{"line":66,"column":43},"end":{"line":77,"column":5}},"29":{"start":{"line":67,"column":5},"end":{"line":76,"column":6}},"30":{"start":{"line":68,"column":7},"end":{"line":70,"column":10}},"31":{"start":{"line":72,"column":27},"end":{"line":72,"column":89}},"32":{"start":{"line":73,"column":7},"end":{"line":73,"column":null}},"33":{"start":{"line":75,"column":27},"end":{"line":75,"column":78}},"34":{"start":{"line":79,"column":21},"end":{"line":81,"column":13}},"35":{"start":{"line":80,"column":4},"end":{"line":80,"column":17}},"36":{"start":{"line":82,"column":25},"end":{"line":85,"column":13}},"37":{"start":{"line":83,"column":17},"end":{"line":83,"column":67}},"38":{"start":{"line":83,"column":40},"end":{"line":83,"column":66}},"39":{"start":{"line":84,"column":4},"end":{"line":84,"column":16}},"40":{"start":{"line":86,"column":23},"end":{"line":89,"column":13}},"41":{"start":{"line":87,"column":17},"end":{"line":87,"column":65}},"42":{"start":{"line":87,"column":40},"end":{"line":87,"column":64}},"43":{"start":{"line":88,"column":4},"end":{"line":88,"column":16}},"44":{"start":{"line":91,"column":2},"end":{"line":93,"column":9}},"45":{"start":{"line":92,"column":4},"end":{"line":92,"column":17}},"46":{"start":{"line":95,"column":2},"end":{"line":110,"column":4}},"47":{"start":{"line":113,"column":29},"end":{"line":119,"column":1}},"48":{"start":{"line":114,"column":18},"end":{"line":114,"column":41}},"49":{"start":{"line":115,"column":2},"end":{"line":117,"column":3}},"50":{"start":{"line":116,"column":4},"end":{"line":116,"column":73}},"51":{"start":{"line":118,"column":2},"end":{"line":118,"column":17}},"52":{"start":{"line":113,"column":13},"end":{"line":113,"column":29}},"53":{"start":{"line":126,"column":85},"end":{"line":126,"column":40229}},"54":{"start":{"line":126,"column":89},"end":{"line":126,"column":40218}},"55":{"start":{"line":126,"column":40344},"end":{"line":126,"column":40350}},"56":{"start":{"line":126,"column":40465},"end":{"line":126,"column":40471}},"57":{"start":{"line":126,"column":40586},"end":{"line":126,"column":40592}},"58":{"start":{"line":126,"column":40711},"end":{"line":126,"column":40717}},"59":{"start":{"line":126,"column":40861},"end":{"line":126,"column":40867}}},"fnMap":{"0":{"name":"ContextProvider","decl":{"start":{"line":12,"column":24},"end":{"line":12,"column":39}},"loc":{"start":{"line":16,"column":1},"end":{"line":111,"column":1}}},"1":{"name":"(anonymous_17)","decl":{"start":{"line":19,"column":21},"end":{"line":19,"column":30}},"loc":{"start":{"line":19,"column":32},"end":{"line":27,"column":4}}},"2":{"name":"(anonymous_18)","decl":{"start":{"line":19,"column":32},"end":{"line":19,"column":null}},"loc":{"start":{"line":19,"column":32},"end":{"line":27,"column":3}}},"3":{"name":"(anonymous_19)","decl":{"start":{"line":29,"column":18},"end":{"line":29,"column":25}},"loc":{"start":{"line":29,"column":44},"end":{"line":45,"column":4}}},"4":{"name":"(anonymous_20)","decl":{"start":{"line":29,"column":44},"end":{"line":29,"column":null}},"loc":{"start":{"line":29,"column":44},"end":{"line":45,"column":3}}},"5":{"name":"(anonymous_21)","decl":{"start":{"line":47,"column":21},"end":{"line":47,"column":28}},"loc":{"start":{"line":47,"column":63},"end":{"line":64,"column":4}}},"6":{"name":"(anonymous_22)","decl":{"start":{"line":47,"column":63},"end":{"line":47,"column":null}},"loc":{"start":{"line":47,"column":63},"end":{"line":64,"column":3}}},"7":{"name":"(anonymous_23)","decl":{"start":{"line":66,"column":22},"end":{"line":66,"column":29}},"loc":{"start":{"line":66,"column":43},"end":{"line":77,"column":5}}},"8":{"name":"(anonymous_24)","decl":{"start":{"line":66,"column":43},"end":{"line":66,"column":null}},"loc":{"start":{"line":66,"column":43},"end":{"line":77,"column":4}}},"9":{"name":"(anonymous_25)","decl":{"start":{"line":79,"column":29},"end":{"line":79,"column":32}},"loc":{"start":{"line":79,"column":34},"end":{"line":81,"column":3}}},"10":{"name":"(anonymous_26)","decl":{"start":{"line":82,"column":33},"end":{"line":82,"column":36}},"loc":{"start":{"line":82,"column":38},"end":{"line":85,"column":3}}},"11":{"name":"(anonymous_27)","decl":{"start":{"line":83,"column":30},"end":{"line":83,"column":31}},"loc":{"start":{"line":83,"column":40},"end":{"line":83,"column":66}}},"12":{"name":"(anonymous_28)","decl":{"start":{"line":86,"column":31},"end":{"line":86,"column":34}},"loc":{"start":{"line":86,"column":36},"end":{"line":89,"column":3}}},"13":{"name":"(anonymous_29)","decl":{"start":{"line":87,"column":30},"end":{"line":87,"column":31}},"loc":{"start":{"line":87,"column":40},"end":{"line":87,"column":64}}},"14":{"name":"(anonymous_30)","decl":{"start":{"line":91,"column":12},"end":{"line":91,"column":15}},"loc":{"start":{"line":91,"column":17},"end":{"line":93,"column":3}}},"15":{"name":"(anonymous_31)","decl":{"start":{"line":113,"column":29},"end":{"line":113,"column":32}},"loc":{"start":{"line":113,"column":34},"end":{"line":119,"column":1}}},"16":{"name":"oo_cm","decl":{"start":{"line":126,"column":77},"end":{"line":126,"column":82}},"loc":{"start":{"line":126,"column":82},"end":{"line":126,"column":40230}}}},"branchMap":{"0":{"loc":{"start":{"line":115,"column":2},"end":{"line":117,"column":3}},"type":"if","locations":[{"start":{"line":115,"column":2},"end":{"line":117,"column":3}}]},"1":{"loc":{"start":{"line":126,"column":96},"end":{"line":126,"column":40217}},"type":"binary-expr","locations":[{"start":{"line":126,"column":96},"end":{"line":126,"column":133}},{"start":{"line":126,"column":137},"end":{"line":126,"column":40217}}]}},"s":{"0":2,"1":2,"2":2,"3":1,"4":1,"5":1,"6":1,"7":1,"8":0,"9":0,"10":1,"11":1,"12":0,"13":0,"14":0,"15":0,"16":0,"17":0,"18":0,"19":1,"20":0,"21":0,"22":0,"23":0,"24":0,"25":0,"26":0,"27":1,"28":0,"29":0,"30":0,"31":0,"32":0,"33":0,"34":1,"35":1,"36":1,"37":1,"38":0,"39":1,"40":1,"41":1,"42":0,"43":1,"44":1,"45":1,"46":1,"47":2,"48":3,"49":3,"50":0,"51":3,"52":2,"53":1,"54":1,"55":2,"56":2,"57":2,"58":2,"59":2},"f":{"0":1,"1":1,"2":1,"3":0,"4":0,"5":0,"6":0,"7":0,"8":0,"9":1,"10":1,"11":0,"12":1,"13":0,"14":1,"15":3,"16":1},"b":{"0":[0],"1":[1,1]}}
,"C:\\Users\\Damilola Adebowale\\Documents\\DevDami\\Damicodes\\task-management\\src\\components\\SingleTask.tsx": {"path":"C:\\Users\\Damilola Adebowale\\Documents\\DevDami\\Damicodes\\task-management\\src\\components\\SingleTask.tsx","statementMap":{"0":{"start":{"line":10,"column":0},"end":{"line":10,"column":24}},"1":{"start":{"line":1,"column":0},"end":{"line":1,"column":52}},"2":{"start":{"line":3,"column":0},"end":{"line":3,"column":43}},"3":{"start":{"line":4,"column":0},"end":{"line":4,"column":52}},"4":{"start":{"line":5,"column":0},"end":{"line":5,"column":49}},"5":{"start":{"line":6,"column":0},"end":{"line":6,"column":41}},"6":{"start":{"line":7,"column":0},"end":{"line":7,"column":45}},"7":{"start":{"line":8,"column":0},"end":{"line":8,"column":57}},"8":{"start":{"line":11,"column":42},"end":{"line":11,"column":57}},"9":{"start":{"line":12,"column":48},"end":{"line":12,"column":63}},"10":{"start":{"line":13,"column":44},"end":{"line":13,"column":59}},"11":{"start":{"line":15,"column":25},"end":{"line":15,"column":40}},"12":{"start":{"line":17,"column":27},"end":{"line":19,"column":3}},"13":{"start":{"line":18,"column":4},"end":{"line":18,"column":52}},"14":{"start":{"line":20,"column":25},"end":{"line":22,"column":3}},"15":{"start":{"line":21,"column":4},"end":{"line":21,"column":54}},"16":{"start":{"line":23,"column":21},"end":{"line":23,"column":55}},"17":{"start":{"line":25,"column":28},"end":{"line":29,"column":2}},"18":{"start":{"line":26,"column":3},"end":{"line":28,"column":4}},"19":{"start":{"line":27,"column":5},"end":{"line":27,"column":28}},"20":{"start":{"line":31,"column":1},"end":{"line":41,"column":20}},"21":{"start":{"line":32,"column":3},"end":{"line":36,"column":4}},"22":{"start":{"line":33,"column":5},"end":{"line":33,"column":64}},"23":{"start":{"line":35,"column":5},"end":{"line":35,"column":67}},"24":{"start":{"line":38,"column":3},"end":{"line":40,"column":5}},"25":{"start":{"line":39,"column":5},"end":{"line":39,"column":67}},"26":{"start":{"line":42,"column":2},"end":{"line":121,"column":4}},"27":{"start":{"line":50,"column":12},"end":{"line":51,"column":null}},"28":{"start":{"line":69,"column":25},"end":{"line":69,"column":57}},"29":{"start":{"line":69,"column":51},"end":{"line":69,"column":56}},"30":{"start":{"line":77,"column":29},"end":{"line":77,"column":51}},"31":{"start":{"line":83,"column":29},"end":{"line":83,"column":53}},"32":{"start":{"line":90,"column":16},"end":{"line":91,"column":null}}},"fnMap":{"0":{"name":"SingleTask","decl":{"start":{"line":10,"column":24},"end":{"line":10,"column":34}},"loc":{"start":{"line":10,"column":61},"end":{"line":122,"column":1}}},"1":{"name":"(anonymous_2)","decl":{"start":{"line":17,"column":27},"end":{"line":17,"column":28}},"loc":{"start":{"line":17,"column":45},"end":{"line":19,"column":3}}},"2":{"name":"(anonymous_3)","decl":{"start":{"line":20,"column":25},"end":{"line":20,"column":26}},"loc":{"start":{"line":20,"column":41},"end":{"line":22,"column":3}}},"3":{"name":"(anonymous_4)","decl":{"start":{"line":25,"column":28},"end":{"line":25,"column":29}},"loc":{"start":{"line":25,"column":46},"end":{"line":29,"column":2}}},"4":{"name":"(anonymous_5)","decl":{"start":{"line":31,"column":11},"end":{"line":31,"column":14}},"loc":{"start":{"line":31,"column":16},"end":{"line":41,"column":2}}},"5":{"name":"(anonymous_6)","decl":{"start":{"line":38,"column":10},"end":{"line":38,"column":13}},"loc":{"start":{"line":38,"column":15},"end":{"line":40,"column":4}}},"6":{"name":"(anonymous_7)","decl":{"start":{"line":49,"column":20},"end":{"line":49,"column":23}},"loc":{"start":{"line":50,"column":12},"end":{"line":51,"column":null}}},"7":{"name":"(anonymous_8)","decl":{"start":{"line":69,"column":19},"end":{"line":69,"column":22}},"loc":{"start":{"line":69,"column":25},"end":{"line":69,"column":57}}},"8":{"name":"(anonymous_9)","decl":{"start":{"line":69,"column":41},"end":{"line":69,"column":42}},"loc":{"start":{"line":69,"column":51},"end":{"line":69,"column":56}}},"9":{"name":"(anonymous_10)","decl":{"start":{"line":77,"column":23},"end":{"line":77,"column":26}},"loc":{"start":{"line":77,"column":29},"end":{"line":77,"column":51}}},"10":{"name":"(anonymous_11)","decl":{"start":{"line":83,"column":23},"end":{"line":83,"column":26}},"loc":{"start":{"line":83,"column":29},"end":{"line":83,"column":53}}},"11":{"name":"(anonymous_12)","decl":{"start":{"line":89,"column":23},"end":{"line":89,"column":26}},"loc":{"start":{"line":90,"column":16},"end":{"line":91,"column":null}}}},"branchMap":{"0":{"loc":{"start":{"line":26,"column":3},"end":{"line":28,"column":4}},"type":"if","locations":[{"start":{"line":26,"column":3},"end":{"line":28,"column":4}}]},"1":{"loc":{"start":{"line":26,"column":7},"end":{"line":26,"column":77}},"type":"binary-expr","locations":[{"start":{"line":26,"column":7},"end":{"line":26,"column":26}},{"start":{"line":26,"column":30},"end":{"line":26,"column":77}}]},"2":{"loc":{"start":{"line":32,"column":3},"end":{"line":36,"column":4}},"type":"if","locations":[{"start":{"line":32,"column":3},"end":{"line":36,"column":4}},{"start":{"line":34,"column":10},"end":{"line":36,"column":4}}]},"3":{"loc":{"start":{"line":51,"column":14},"end":{"line":51,"column":67}},"type":"cond-expr","locations":[{"start":{"line":51,"column":44},"end":{"line":51,"column":53}},{"start":{"line":51,"column":56},"end":{"line":51,"column":67}}]},"4":{"loc":{"start":{"line":58,"column":12},"end":{"line":58,"column":null}},"type":"binary-expr","locations":[{"start":{"line":58,"column":12},"end":{"line":58,"column":38}},{"start":{"line":58,"column":42},"end":{"line":58,"column":null}}]},"5":{"loc":{"start":{"line":71,"column":9},"end":{"line":103,"column":null}},"type":"binary-expr","locations":[{"start":{"line":71,"column":9},"end":{"line":71,"column":21}},{"start":{"line":72,"column":10},"end":{"line":102,"column":null}}]},"6":{"loc":{"start":{"line":91,"column":18},"end":{"line":91,"column":71}},"type":"cond-expr","locations":[{"start":{"line":91,"column":48},"end":{"line":91,"column":57}},{"start":{"line":91,"column":60},"end":{"line":91,"column":71}}]},"7":{"loc":{"start":{"line":100,"column":17},"end":{"line":100,"column":72}},"type":"cond-expr","locations":[{"start":{"line":100,"column":47},"end":{"line":100,"column":59}},{"start":{"line":100,"column":62},"end":{"line":100,"column":72}}]},"8":{"loc":{"start":{"line":106,"column":7},"end":{"line":111,"column":null}},"type":"binary-expr","locations":[{"start":{"line":106,"column":7},"end":{"line":106,"column":20}},{"start":{"line":107,"column":8},"end":{"line":110,"column":null}}]},"9":{"loc":{"start":{"line":113,"column":7},"end":{"line":118,"column":null}},"type":"binary-expr","locations":[{"start":{"line":113,"column":7},"end":{"line":113,"column":22}},{"start":{"line":114,"column":8},"end":{"line":117,"column":null}}]}},"s":{"0":1,"1":1,"2":1,"3":1,"4":1,"5":1,"6":1,"7":1,"8":0,"9":0,"10":0,"11":0,"12":0,"13":0,"14":0,"15":0,"16":0,"17":0,"18":0,"19":0,"20":0,"21":0,"22":0,"23":0,"24":0,"25":0,"26":0,"27":0,"28":0,"29":0,"30":0,"31":0,"32":0},"f":{"0":0,"1":0,"2":0,"3":0,"4":0,"5":0,"6":0,"7":0,"8":0,"9":0,"10":0,"11":0},"b":{"0":[0],"1":[0,0],"2":[0,0],"3":[0,0],"4":[0,0],"5":[0,0],"6":[0,0],"7":[0,0],"8":[0,0],"9":[0,0]}}
,"C:\\Users\\Damilola Adebowale\\Documents\\DevDami\\Damicodes\\task-management\\src\\components\\TaskSummary.tsx": {"path":"C:\\Users\\Damilola Adebowale\\Documents\\DevDami\\Damicodes\\task-management\\src\\components\\TaskSummary.tsx","statementMap":{"0":{"start":{"line":1,"column":0},"end":{"line":1,"column":57}},"1":{"start":{"line":2,"column":0},"end":{"line":2,"column":52}},"2":{"start":{"line":3,"column":0},"end":{"line":3,"column":48}},"3":{"start":{"line":4,"column":0},"end":{"line":4,"column":44}},"4":{"start":{"line":7,"column":53},"end":{"line":7,"column":68}},"5":{"start":{"line":9,"column":2},"end":{"line":15,"column":4}},"6":{"start":{"line":18,"column":0},"end":{"line":18,"column":27}}},"fnMap":{"0":{"name":"TaskSummary","decl":{"start":{"line":6,"column":9},"end":{"line":6,"column":20}},"loc":{"start":{"line":6,"column":20},"end":{"line":16,"column":1}}}},"branchMap":{},"s":{"0":1,"1":1,"2":1,"3":1,"4":1,"5":1,"6":1},"f":{"0":1},"b":{}}
,"C:\\Users\\Damilola Adebowale\\Documents\\DevDami\\Damicodes\\task-management\\src\\components\\TaskList\\Completed.tsx": {"path":"C:\\Users\\Damilola Adebowale\\Documents\\DevDami\\Damicodes\\task-management\\src\\components\\TaskList\\Completed.tsx","statementMap":{"0":{"start":{"line":5,"column":0},"end":{"line":5,"column":24}},"1":{"start":{"line":2,"column":0},"end":{"line":2,"column":60}},"2":{"start":{"line":3,"column":0},"end":{"line":3,"column":39}},"3":{"start":{"line":6,"column":29},"end":{"line":6,"column":44}},"4":{"start":{"line":7,"column":2},"end":{"line":15,"column":4}},"5":{"start":{"line":10,"column":13},"end":{"line":10,"column":null}}},"fnMap":{"0":{"name":"Completed","decl":{"start":{"line":5,"column":24},"end":{"line":5,"column":33}},"loc":{"start":{"line":5,"column":33},"end":{"line":16,"column":1}}},"1":{"name":"(anonymous_2)","decl":{"start":{"line":9,"column":59},"end":{"line":9,"column":60}},"loc":{"start":{"line":10,"column":13},"end":{"line":10,"column":null}}}},"branchMap":{"0":{"loc":{"start":{"line":9,"column":8},"end":{"line":13,"column":83}},"type":"cond-expr","locations":[{"start":{"line":9,"column":33},"end":{"line":13,"column":20}},{"start":{"line":13,"column":23},"end":{"line":13,"column":83}}]},"1":{"loc":{"start":{"line":9,"column":39},"end":{"line":13,"column":13}},"type":"cond-expr","locations":[{"start":{"line":9,"column":53},"end":{"line":9,"column":55}},{"start":{"line":9,"column":39},"end":{"line":13,"column":13}}]},"2":{"loc":{"start":{"line":9,"column":39},"end":{"line":9,"column":55}},"type":"binary-expr","locations":[{"start":{"line":9,"column":39},"end":{"line":9,"column":55}},{"start":{"line":9,"column":39},"end":{"line":9,"column":55}}]}},"s":{"0":2,"1":2,"2":2,"3":2,"4":2,"5":2},"f":{"0":2,"1":2},"b":{"0":[1,1],"1":[0,1],"2":[1,1]}}
,"C:\\Users\\Damilola Adebowale\\Documents\\DevDami\\Damicodes\\task-management\\src\\components\\TaskList\\Pending.tsx": {"path":"C:\\Users\\Damilola Adebowale\\Documents\\DevDami\\Damicodes\\task-management\\src\\components\\TaskList\\Pending.tsx","statementMap":{"0":{"start":{"line":5,"column":0},"end":{"line":5,"column":24}},"1":{"start":{"line":2,"column":0},"end":{"line":2,"column":60}},"2":{"start":{"line":3,"column":0},"end":{"line":3,"column":39}},"3":{"start":{"line":6,"column":27},"end":{"line":6,"column":42}},"4":{"start":{"line":7,"column":2},"end":{"line":15,"column":4}},"5":{"start":{"line":10,"column":11},"end":{"line":10,"column":null}}},"fnMap":{"0":{"name":"Pending","decl":{"start":{"line":5,"column":24},"end":{"line":5,"column":31}},"loc":{"start":{"line":5,"column":31},"end":{"line":16,"column":1}}},"1":{"name":"(anonymous_2)","decl":{"start":{"line":9,"column":53},"end":{"line":9,"column":54}},"loc":{"start":{"line":10,"column":11},"end":{"line":10,"column":null}}}},"branchMap":{"0":{"loc":{"start":{"line":9,"column":6},"end":{"line":13,"column":79}},"type":"cond-expr","locations":[{"start":{"line":9,"column":29},"end":{"line":13,"column":18}},{"start":{"line":13,"column":21},"end":{"line":13,"column":79}}]},"1":{"loc":{"start":{"line":9,"column":35},"end":{"line":13,"column":11}},"type":"cond-expr","locations":[{"start":{"line":9,"column":47},"end":{"line":9,"column":49}},{"start":{"line":9,"column":35},"end":{"line":13,"column":11}}]},"2":{"loc":{"start":{"line":9,"column":35},"end":{"line":9,"column":49}},"type":"binary-expr","locations":[{"start":{"line":9,"column":35},"end":{"line":9,"column":49}},{"start":{"line":9,"column":35},"end":{"line":9,"column":49}}]}},"s":{"0":1,"1":1,"2":1,"3":0,"4":0,"5":0},"f":{"0":0,"1":0},"b":{"0":[0,0],"1":[0,0],"2":[0,0]}}
,"C:\\Users\\Damilola Adebowale\\Documents\\DevDami\\Damicodes\\task-management\\src\\components\\TaskList\\Total.tsx": {"path":"C:\\Users\\Damilola Adebowale\\Documents\\DevDami\\Damicodes\\task-management\\src\\components\\TaskList\\Total.tsx","statementMap":{"0":{"start":{"line":5,"column":0},"end":{"line":5,"column":24}},"1":{"start":{"line":2,"column":0},"end":{"line":2,"column":60}},"2":{"start":{"line":3,"column":0},"end":{"line":3,"column":39}},"3":{"start":{"line":6,"column":25},"end":{"line":6,"column":40}},"4":{"start":{"line":7,"column":2},"end":{"line":16,"column":4}},"5":{"start":{"line":11,"column":8},"end":{"line":11,"column":null}}},"fnMap":{"0":{"name":"Total","decl":{"start":{"line":5,"column":24},"end":{"line":5,"column":29}},"loc":{"start":{"line":5,"column":29},"end":{"line":17,"column":1}}},"1":{"name":"(anonymous_2)","decl":{"start":{"line":10,"column":48},"end":{"line":10,"column":49}},"loc":{"start":{"line":11,"column":8},"end":{"line":11,"column":null}}}},"branchMap":{"0":{"loc":{"start":{"line":10,"column":5},"end":{"line":14,"column":75}},"type":"cond-expr","locations":[{"start":{"line":10,"column":26},"end":{"line":14,"column":15}},{"start":{"line":14,"column":18},"end":{"line":14,"column":75}}]},"1":{"loc":{"start":{"line":10,"column":32},"end":{"line":14,"column":8}},"type":"cond-expr","locations":[{"start":{"line":10,"column":42},"end":{"line":10,"column":44}},{"start":{"line":10,"column":32},"end":{"line":14,"column":8}}]},"2":{"loc":{"start":{"line":10,"column":32},"end":{"line":10,"column":44}},"type":"binary-expr","locations":[{"start":{"line":10,"column":32},"end":{"line":10,"column":44}},{"start":{"line":10,"column":32},"end":{"line":10,"column":44}}]}},"s":{"0":1,"1":1,"2":1,"3":1,"4":1,"5":0},"f":{"0":1,"1":0},"b":{"0":[0,1],"1":[0,0],"2":[0,0]}}
,"C:\\Users\\Damilola Adebowale\\Documents\\DevDami\\Damicodes\\task-management\\src\\components\\cards\\CompletedTasks.tsx": {"path":"C:\\Users\\Damilola Adebowale\\Documents\\DevDami\\Damicodes\\task-management\\src\\components\\cards\\CompletedTasks.tsx","statementMap":{"0":{"start":{"line":3,"column":0},"end":{"line":3,"column":24}},"1":{"start":{"line":1,"column":0},"end":{"line":1,"column":60}},"2":{"start":{"line":8,"column":2},"end":{"line":24,"column":4}}},"fnMap":{"0":{"name":"CompletedTasks","decl":{"start":{"line":3,"column":24},"end":{"line":3,"column":38}},"loc":{"start":{"line":7,"column":1},"end":{"line":25,"column":1}}}},"branchMap":{},"s":{"0":1,"1":1,"2":1},"f":{"0":1},"b":{}}
,"C:\\Users\\Damilola Adebowale\\Documents\\DevDami\\Damicodes\\task-management\\src\\components\\cards\\PendingTasks.tsx": {"path":"C:\\Users\\Damilola Adebowale\\Documents\\DevDami\\Damicodes\\task-management\\src\\components\\cards\\PendingTasks.tsx","statementMap":{"0":{"start":{"line":3,"column":0},"end":{"line":3,"column":24}},"1":{"start":{"line":1,"column":0},"end":{"line":1,"column":57}},"2":{"start":{"line":8,"column":2},"end":{"line":22,"column":4}}},"fnMap":{"0":{"name":"PendingTasks","decl":{"start":{"line":3,"column":24},"end":{"line":3,"column":36}},"loc":{"start":{"line":7,"column":1},"end":{"line":23,"column":1}}}},"branchMap":{},"s":{"0":1,"1":1,"2":1},"f":{"0":1},"b":{}}
,"C:\\Users\\Damilola Adebowale\\Documents\\DevDami\\Damicodes\\task-management\\src\\components\\cards\\TotalTasks.tsx": {"path":"C:\\Users\\Damilola Adebowale\\Documents\\DevDami\\Damicodes\\task-management\\src\\components\\cards\\TotalTasks.tsx","statementMap":{"0":{"start":{"line":3,"column":0},"end":{"line":3,"column":24}},"1":{"start":{"line":1,"column":0},"end":{"line":1,"column":45}},"2":{"start":{"line":4,"column":2},"end":{"line":18,"column":4}}},"fnMap":{"0":{"name":"TotalTasks","decl":{"start":{"line":3,"column":24},"end":{"line":3,"column":34}},"loc":{"start":{"line":3,"column":73},"end":{"line":19,"column":1}}}},"branchMap":{},"s":{"0":2,"1":2,"2":2},"f":{"0":2},"b":{}}
,"C:\\Users\\Damilola Adebowale\\Documents\\DevDami\\Damicodes\\task-management\\src\\components\\modal\\AddTask.tsx": {"path":"C:\\Users\\Damilola Adebowale\\Documents\\DevDami\\Damicodes\\task-management\\src\\components\\modal\\AddTask.tsx","statementMap":{"0":{"start":{"line":6,"column":0},"end":{"line":6,"column":24}},"1":{"start":{"line":1,"column":0},"end":{"line":1,"column":59}},"2":{"start":{"line":2,"column":0},"end":{"line":2,"column":35}},"3":{"start":{"line":3,"column":0},"end":{"line":3,"column":60}},"4":{"start":{"line":4,"column":0},"end":{"line":4,"column":37}},"5":{"start":{"line":13,"column":38},"end":{"line":16,"column":4}},"6":{"start":{"line":18,"column":22},"end":{"line":18,"column":37}},"7":{"start":{"line":20,"column":29},"end":{"line":32,"column":3}},"8":{"start":{"line":21,"column":16},"end":{"line":21,"column":26}},"9":{"start":{"line":22,"column":16},"end":{"line":22,"column":60}},"10":{"start":{"line":22,"column":31},"end":{"line":22,"column":60}},"11":{"start":{"line":24,"column":21},"end":{"line":26,"column":7}},"12":{"start":{"line":27,"column":21},"end":{"line":29,"column":7}},"13":{"start":{"line":31,"column":4},"end":{"line":31,"column":37}},"14":{"start":{"line":34,"column":23},"end":{"line":42,"column":3}},"15":{"start":{"line":37,"column":28},"end":{"line":37,"column":36}},"16":{"start":{"line":38,"column":4},"end":{"line":41,"column":8}},"17":{"start":{"line":38,"column":28},"end":{"line":40,"column":null}},"18":{"start":{"line":43,"column":24},"end":{"line":47,"column":3}},"19":{"start":{"line":44,"column":4},"end":{"line":44,"column":23}},"20":{"start":{"line":45,"column":4},"end":{"line":45,"column":57}},"21":{"start":{"line":46,"column":4},"end":{"line":46,"column":24}},"22":{"start":{"line":48,"column":2},"end":{"line":62,"column":4}}},"fnMap":{"0":{"name":"AddTask","decl":{"start":{"line":6,"column":24},"end":{"line":6,"column":31}},"loc":{"start":{"line":12,"column":1},"end":{"line":63,"column":1}}},"1":{"name":"(anonymous_2)","decl":{"start":{"line":20,"column":29},"end":{"line":20,"column":32}},"loc":{"start":{"line":20,"column":34},"end":{"line":32,"column":3}}},"2":{"name":"(anonymous_3)","decl":{"start":{"line":22,"column":16},"end":{"line":22,"column":17}},"loc":{"start":{"line":22,"column":31},"end":{"line":22,"column":60}}},"3":{"name":"(anonymous_4)","decl":{"start":{"line":34,"column":23},"end":{"line":34,"column":null}},"loc":{"start":{"line":36,"column":6},"end":{"line":42,"column":3}}},"4":{"name":"(anonymous_5)","decl":{"start":{"line":38,"column":18},"end":{"line":38,"column":19}},"loc":{"start":{"line":38,"column":28},"end":{"line":40,"column":null}}},"5":{"name":"(anonymous_6)","decl":{"start":{"line":43,"column":24},"end":{"line":43,"column":25}},"loc":{"start":{"line":43,"column":47},"end":{"line":47,"column":3}}}},"branchMap":{},"s":{"0":1,"1":1,"2":1,"3":1,"4":1,"5":0,"6":0,"7":0,"8":0,"9":0,"10":0,"11":0,"12":0,"13":0,"14":0,"15":0,"16":0,"17":0,"18":0,"19":0,"20":0,"21":0,"22":0},"f":{"0":0,"1":0,"2":0,"3":0,"4":0,"5":0},"b":{}}
,"C:\\Users\\Damilola Adebowale\\Documents\\DevDami\\Damicodes\\task-management\\src\\components\\modal\\DeleteModal.tsx": {"path":"C:\\Users\\Damilola Adebowale\\Documents\\DevDami\\Damicodes\\task-management\\src\\components\\modal\\DeleteModal.tsx","statementMap":{"0":{"start":{"line":6,"column":0},"end":{"line":6,"column":24}},"1":{"start":{"line":2,"column":0},"end":{"line":2,"column":35}},"2":{"start":{"line":3,"column":0},"end":{"line":3,"column":41}},"3":{"start":{"line":4,"column":0},"end":{"line":4,"column":60}},"4":{"start":{"line":15,"column":25},"end":{"line":15,"column":40}},"5":{"start":{"line":17,"column":27},"end":{"line":20,"column":4}},"6":{"start":{"line":17,"column":48},"end":{"line":20,"column":4}},"7":{"start":{"line":18,"column":4},"end":{"line":18,"column":19}},"8":{"start":{"line":19,"column":4},"end":{"line":19,"column":24}},"9":{"start":{"line":23,"column":2},"end":{"line":45,"column":4}},"10":{"start":{"line":34,"column":25},"end":{"line":34,"column":44}},"11":{"start":{"line":40,"column":25},"end":{"line":40,"column":45}}},"fnMap":{"0":{"name":"DeleteTask","decl":{"start":{"line":6,"column":24},"end":{"line":6,"column":34}},"loc":{"start":{"line":14,"column":1},"end":{"line":46,"column":1}}},"1":{"name":"(anonymous_9)","decl":{"start":{"line":17,"column":27},"end":{"line":17,"column":34}},"loc":{"start":{"line":17,"column":48},"end":{"line":20,"column":4}}},"2":{"name":"(anonymous_10)","decl":{"start":{"line":17,"column":48},"end":{"line":17,"column":null}},"loc":{"start":{"line":17,"column":48},"end":{"line":20,"column":3}}},"3":{"name":"(anonymous_11)","decl":{"start":{"line":34,"column":19},"end":{"line":34,"column":22}},"loc":{"start":{"line":34,"column":25},"end":{"line":34,"column":44}}},"4":{"name":"(anonymous_12)","decl":{"start":{"line":40,"column":19},"end":{"line":40,"column":22}},"loc":{"start":{"line":40,"column":25},"end":{"line":40,"column":45}}}},"branchMap":{},"s":{"0":1,"1":1,"2":1,"3":1,"4":0,"5":0,"6":0,"7":0,"8":0,"9":0,"10":0,"11":0},"f":{"0":0,"1":0,"2":0,"3":0,"4":0},"b":{}}
,"C:\\Users\\Damilola Adebowale\\Documents\\DevDami\\Damicodes\\task-management\\src\\components\\modal\\EditModal.tsx": {"path":"C:\\Users\\Damilola Adebowale\\Documents\\DevDami\\Damicodes\\task-management\\src\\components\\modal\\EditModal.tsx","statementMap":{"0":{"start":{"line":7,"column":0},"end":{"line":7,"column":24}},"1":{"start":{"line":1,"column":0},"end":{"line":1,"column":59}},"2":{"start":{"line":2,"column":0},"end":{"line":2,"column":35}},"3":{"start":{"line":3,"column":0},"end":{"line":3,"column":60}},"4":{"start":{"line":5,"column":0},"end":{"line":5,"column":37}},"5":{"start":{"line":16,"column":38},"end":{"line":16,"column":52}},"6":{"start":{"line":18,"column":25},"end":{"line":18,"column":40}},"7":{"start":{"line":20,"column":23},"end":{"line":28,"column":3}},"8":{"start":{"line":23,"column":28},"end":{"line":23,"column":36}},"9":{"start":{"line":24,"column":4},"end":{"line":27,"column":8}},"10":{"start":{"line":24,"column":28},"end":{"line":26,"column":null}},"11":{"start":{"line":29,"column":24},"end":{"line":34,"column":3}},"12":{"start":{"line":30,"column":15},"end":{"line":30,"column":28}},"13":{"start":{"line":31,"column":4},"end":{"line":31,"column":23}},"14":{"start":{"line":32,"column":4},"end":{"line":32,"column":31}},"15":{"start":{"line":33,"column":4},"end":{"line":33,"column":24}},"16":{"start":{"line":35,"column":2},"end":{"line":49,"column":4}}},"fnMap":{"0":{"name":"EditTask","decl":{"start":{"line":7,"column":24},"end":{"line":7,"column":32}},"loc":{"start":{"line":15,"column":1},"end":{"line":50,"column":1}}},"1":{"name":"(anonymous_2)","decl":{"start":{"line":20,"column":23},"end":{"line":20,"column":null}},"loc":{"start":{"line":22,"column":6},"end":{"line":28,"column":3}}},"2":{"name":"(anonymous_3)","decl":{"start":{"line":24,"column":18},"end":{"line":24,"column":19}},"loc":{"start":{"line":24,"column":28},"end":{"line":26,"column":null}}},"3":{"name":"(anonymous_4)","decl":{"start":{"line":29,"column":24},"end":{"line":29,"column":25}},"loc":{"start":{"line":29,"column":47},"end":{"line":34,"column":3}}}},"branchMap":{},"s":{"0":1,"1":1,"2":1,"3":1,"4":1,"5":0,"6":0,"7":0,"8":0,"9":0,"10":0,"11":0,"12":0,"13":0,"14":0,"15":0,"16":0},"f":{"0":0,"1":0,"2":0,"3":0},"b":{}}
,"C:\\Users\\Damilola Adebowale\\Documents\\DevDami\\Damicodes\\task-management\\src\\components\\modal\\Modal.tsx": {"path":"C:\\Users\\Damilola Adebowale\\Documents\\DevDami\\Damicodes\\task-management\\src\\components\\modal\\Modal.tsx","statementMap":{"0":{"start":{"line":1,"column":0},"end":{"line":1,"column":46}},"1":{"start":{"line":2,"column":0},"end":{"line":2,"column":43}},"2":{"start":{"line":5,"column":21},"end":{"line":71,"column":1}},"3":{"start":{"line":23,"column":22},"end":{"line":26,"column":3}},"4":{"start":{"line":24,"column":4},"end":{"line":24,"column":24}},"5":{"start":{"line":28,"column":2},"end":{"line":70,"column":4}},"6":{"start":{"line":73,"column":0},"end":{"line":73,"column":28}}},"fnMap":{"0":{"name":"(anonymous_1)","decl":{"start":{"line":5,"column":21},"end":{"line":5,"column":22}},"loc":{"start":{"line":20,"column":5},"end":{"line":71,"column":1}}},"1":{"name":"(anonymous_2)","decl":{"start":{"line":23,"column":22},"end":{"line":23,"column":25}},"loc":{"start":{"line":23,"column":27},"end":{"line":26,"column":3}}}},"branchMap":{"0":{"loc":{"start":{"line":10,"column":2},"end":{"line":10,"column":46}},"type":"default-arg","locations":[{"start":{"line":10,"column":15},"end":{"line":10,"column":46}}]},"1":{"loc":{"start":{"line":38,"column":10},"end":{"line":38,"column":null}},"type":"cond-expr","locations":[{"start":{"line":38,"column":22},"end":{"line":38,"column":35}},{"start":{"line":38,"column":38},"end":{"line":38,"column":null}}]}},"s":{"0":1,"1":1,"2":1,"3":0,"4":0,"5":0,"6":1},"f":{"0":0,"1":0},"b":{"0":[0],"1":[0,0]}}
,"C:\\Users\\Damilola Adebowale\\Documents\\DevDami\\Damicodes\\task-management\\src\\components\\reusables\\Button.tsx": {"path":"C:\\Users\\Damilola Adebowale\\Documents\\DevDami\\Damicodes\\task-management\\src\\components\\reusables\\Button.tsx","statementMap":{"0":{"start":{"line":1,"column":0},"end":{"line":1,"column":26}},"1":{"start":{"line":2,"column":0},"end":{"line":2,"column":36}},"2":{"start":{"line":13,"column":39},"end":{"line":35,"column":1}},"3":{"start":{"line":21,"column":2},"end":{"line":34,"column":4}},"4":{"start":{"line":37,"column":0},"end":{"line":37,"column":22}}},"fnMap":{"0":{"name":"(anonymous_1)","decl":{"start":{"line":13,"column":39},"end":{"line":13,"column":40}},"loc":{"start":{"line":20,"column":5},"end":{"line":35,"column":1}}}},"branchMap":{"0":{"loc":{"start":{"line":14,"column":2},"end":{"line":14,"column":13}},"type":"default-arg","locations":[{"start":{"line":14,"column":11},"end":{"line":14,"column":13}}]},"1":{"loc":{"start":{"line":18,"column":2},"end":{"line":18,"column":18}},"type":"default-arg","locations":[{"start":{"line":18,"column":13},"end":{"line":18,"column":18}}]},"2":{"loc":{"start":{"line":19,"column":2},"end":{"line":19,"column":15}},"type":"default-arg","locations":[{"start":{"line":19,"column":7},"end":{"line":19,"column":15}}]},"3":{"loc":{"start":{"line":31,"column":7},"end":{"line":31,"column":34}},"type":"binary-expr","locations":[{"start":{"line":31,"column":7},"end":{"line":31,"column":11}},{"start":{"line":31,"column":15},"end":{"line":31,"column":34}}]}},"s":{"0":2,"1":2,"2":2,"3":7,"4":2},"f":{"0":7},"b":{"0":[4],"1":[7],"2":[1],"3":[7,1]}}
,"C:\\Users\\Damilola Adebowale\\Documents\\DevDami\\Damicodes\\task-management\\src\\components\\reusables\\Form.tsx": {"path":"C:\\Users\\Damilola Adebowale\\Documents\\DevDami\\Damicodes\\task-management\\src\\components\\reusables\\Form.tsx","statementMap":{"0":{"start":{"line":4,"column":0},"end":{"line":4,"column":24}},"1":{"start":{"line":2,"column":0},"end":{"line":2,"column":30}},"2":{"start":{"line":17,"column":2},"end":{"line":61,"column":4}},"3":{"start":{"line":55,"column":25},"end":{"line":55,"column":44}}},"fnMap":{"0":{"name":"Form","decl":{"start":{"line":4,"column":24},"end":{"line":4,"column":28}},"loc":{"start":{"line":16,"column":1},"end":{"line":62,"column":1}}},"1":{"name":"(anonymous_2)","decl":{"start":{"line":55,"column":19},"end":{"line":55,"column":22}},"loc":{"start":{"line":55,"column":25},"end":{"line":55,"column":44}}}},"branchMap":{},"s":{"0":2,"1":2,"2":3,"3":1},"f":{"0":3,"1":1},"b":{}}
,"C:\\Users\\Damilola Adebowale\\Documents\\DevDami\\Damicodes\\task-management\\src\\components\\reusables\\Progress.tsx": {"path":"C:\\Users\\Damilola Adebowale\\Documents\\DevDami\\Damicodes\\task-management\\src\\components\\reusables\\Progress.tsx","statementMap":{"0":{"start":{"line":2,"column":0},"end":{"line":2,"column":24}},"1":{"start":{"line":4,"column":7},"end":{"line":4,"column":75}},"2":{"start":{"line":6,"column":2},"end":{"line":28,"column":4}}},"fnMap":{"0":{"name":"Progress","decl":{"start":{"line":2,"column":24},"end":{"line":2,"column":32}},"loc":{"start":{"line":2,"column":103},"end":{"line":29,"column":1}}}},"branchMap":{"0":{"loc":{"start":{"line":4,"column":7},"end":{"line":4,"column":75}},"type":"cond-expr","locations":[{"start":{"line":4,"column":24},"end":{"line":4,"column":71}},{"start":{"line":4,"column":74},"end":{"line":4,"column":75}}]}},"s":{"0":1,"1":1,"2":1},"f":{"0":1},"b":{"0":[0,1]}}
,"C:\\Users\\Damilola Adebowale\\Documents\\DevDami\\Damicodes\\task-management\\src\\components\\reusables\\Tabs.tsx": {"path":"C:\\Users\\Damilola Adebowale\\Documents\\DevDami\\Damicodes\\task-management\\src\\components\\reusables\\Tabs.tsx","statementMap":{"0":{"start":{"line":1,"column":0},"end":{"line":1,"column":24}},"1":{"start":{"line":10,"column":2},"end":{"line":26,"column":4}},"2":{"start":{"line":13,"column":8},"end":{"line":23,"column":10}},"3":{"start":{"line":15,"column":27},"end":{"line":15,"column":43}}},"fnMap":{"0":{"name":"Tabs","decl":{"start":{"line":1,"column":24},"end":{"line":1,"column":28}},"loc":{"start":{"line":9,"column":1},"end":{"line":27,"column":1}}},"1":{"name":"(anonymous_1)","decl":{"start":{"line":12,"column":19},"end":{"line":12,"column":20}},"loc":{"start":{"line":12,"column":27},"end":{"line":24,"column":7}}},"2":{"name":"(anonymous_2)","decl":{"start":{"line":15,"column":21},"end":{"line":15,"column":24}},"loc":{"start":{"line":15,"column":27},"end":{"line":15,"column":43}}}},"branchMap":{"0":{"loc":{"start":{"line":18,"column":14},"end":{"line":18,"column":null}},"type":"binary-expr","locations":[{"start":{"line":18,"column":14},"end":{"line":18,"column":27}},{"start":{"line":18,"column":31},"end":{"line":18,"column":null}}]}},"s":{"0":1,"1":1,"2":3,"3":0},"f":{"0":1,"1":3,"2":0},"b":{"0":[3,1]}}
}
