TN:
SF:src\App.tsx
FN:14,App
FN:22,(anonymous_2)
FN:33,(anonymous_3)
FNF:3
FNH:1
FNDA:1,App
FNDA:0,(anonymous_2)
FNDA:0,(anonymous_3)
DA:1,1
DA:3,1
DA:4,1
DA:5,1
DA:6,1
DA:7,1
DA:8,1
DA:9,1
DA:10,1
DA:11,1
DA:12,1
DA:15,1
DA:16,1
DA:18,1
DA:22,1
DA:23,0
DA:26,1
DA:34,0
DA:69,1
LF:19
LH:17
BRDA:56,0,0,1
BRDA:56,0,1,1
BRDA:57,1,0,1
BRDA:57,1,1,0
BRDA:58,2,0,1
BRDA:58,2,1,0
BRDA:62,3,0,1
BRDA:62,3,1,0
BRF:8
BRH:5
end_of_record
TN:
SF:src\main.tsx
FNF:0
FNH:0
DA:1,0
DA:2,0
DA:3,0
DA:4,0
DA:5,0
DA:7,0
LF:6
LH:0
BRF:0
BRH:0
end_of_record
TN:
SF:src\Store\ContextProvider.tsx
FN:12,ContextProvider
FN:19,(anonymous_17)
FN:19,(anonymous_18)
FN:29,(anonymous_19)
FN:29,(anonymous_20)
FN:47,(anonymous_21)
FN:47,(anonymous_22)
FN:66,(anonymous_23)
FN:66,(anonymous_24)
FN:79,(anonymous_25)
FN:82,(anonymous_26)
FN:83,(anonymous_27)
FN:86,(anonymous_28)
FN:87,(anonymous_29)
FN:91,(anonymous_30)
FN:113,(anonymous_31)
FN:126,oo_cm
FNF:17
FNH:9
FNDA:1,ContextProvider
FNDA:1,(anonymous_17)
FNDA:1,(anonymous_18)
FNDA:0,(anonymous_19)
FNDA:0,(anonymous_20)
FNDA:0,(anonymous_21)
FNDA:0,(anonymous_22)
FNDA:0,(anonymous_23)
FNDA:0,(anonymous_24)
FNDA:1,(anonymous_25)
FNDA:1,(anonymous_26)
FNDA:0,(anonymous_27)
FNDA:1,(anonymous_28)
FNDA:0,(anonymous_29)
FNDA:1,(anonymous_30)
FNDA:3,(anonymous_31)
FNDA:1,oo_cm
DA:1,2
DA:10,2
DA:12,2
DA:17,1
DA:19,1
DA:20,1
DA:21,1
DA:22,0
DA:23,0
DA:25,1
DA:29,1
DA:30,0
DA:31,0
DA:39,0
DA:40,0
DA:41,0
DA:43,0
DA:47,1
DA:48,0
DA:49,0
DA:57,0
DA:58,0
DA:59,0
DA:62,0
DA:66,1
DA:67,0
DA:68,0
DA:72,0
DA:73,0
DA:75,0
DA:79,1
DA:80,1
DA:82,1
DA:83,1
DA:84,1
DA:86,1
DA:87,1
DA:88,1
DA:91,1
DA:92,1
DA:95,1
DA:113,2
DA:114,3
DA:115,3
DA:116,0
DA:118,3
DA:126,2
LF:47
LH:27
BRDA:115,0,0,0
BRDA:126,1,0,1
BRDA:126,1,1,1
BRF:3
BRH:2
end_of_record
TN:
SF:src\components\SingleTask.tsx
FN:10,SingleTask
FN:17,(anonymous_2)
FN:20,(anonymous_3)
FN:25,(anonymous_4)
FN:31,(anonymous_5)
FN:38,(anonymous_6)
FN:49,(anonymous_7)
FN:69,(anonymous_8)
FN:69,(anonymous_9)
FN:77,(anonymous_10)
FN:83,(anonymous_11)
FN:89,(anonymous_12)
FNF:12
FNH:0
FNDA:0,SingleTask
FNDA:0,(anonymous_2)
FNDA:0,(anonymous_3)
FNDA:0,(anonymous_4)
FNDA:0,(anonymous_5)
FNDA:0,(anonymous_6)
FNDA:0,(anonymous_7)
FNDA:0,(anonymous_8)
FNDA:0,(anonymous_9)
FNDA:0,(anonymous_10)
FNDA:0,(anonymous_11)
FNDA:0,(anonymous_12)
DA:1,1
DA:3,1
DA:4,1
DA:5,1
DA:6,1
DA:7,1
DA:8,1
DA:10,1
DA:11,0
DA:12,0
DA:13,0
DA:15,0
DA:17,0
DA:18,0
DA:20,0
DA:21,0
DA:23,0
DA:25,0
DA:26,0
DA:27,0
DA:31,0
DA:32,0
DA:33,0
DA:35,0
DA:38,0
DA:39,0
DA:42,0
DA:50,0
DA:69,0
DA:77,0
DA:83,0
DA:90,0
LF:32
LH:8
BRDA:26,0,0,0
BRDA:26,1,0,0
BRDA:26,1,1,0
BRDA:32,2,0,0
BRDA:32,2,1,0
BRDA:51,3,0,0
BRDA:51,3,1,0
BRDA:58,4,0,0
BRDA:58,4,1,0
BRDA:71,5,0,0
BRDA:71,5,1,0
BRDA:91,6,0,0
BRDA:91,6,1,0
BRDA:100,7,0,0
BRDA:100,7,1,0
BRDA:106,8,0,0
BRDA:106,8,1,0
BRDA:113,9,0,0
BRDA:113,9,1,0
BRF:19
BRH:0
end_of_record
TN:
SF:src\components\TaskSummary.tsx
FN:6,TaskSummary
FNF:1
FNH:1
FNDA:1,TaskSummary
DA:1,1
DA:2,1
DA:3,1
DA:4,1
DA:7,1
DA:9,1
DA:18,1
LF:7
LH:7
BRF:0
BRH:0
end_of_record
TN:
SF:src\components\TaskList\Completed.tsx
FN:5,Completed
FN:9,(anonymous_2)
FNF:2
FNH:2
FNDA:2,Completed
FNDA:2,(anonymous_2)
DA:2,2
DA:3,2
DA:5,2
DA:6,2
DA:7,2
DA:10,2
LF:6
LH:6
BRDA:9,0,0,1
BRDA:9,0,1,1
BRDA:9,1,0,0
BRDA:9,1,1,1
BRDA:9,2,0,1
BRDA:9,2,1,1
BRF:6
BRH:5
end_of_record
TN:
SF:src\components\TaskList\Pending.tsx
FN:5,Pending
FN:9,(anonymous_2)
FNF:2
FNH:0
FNDA:0,Pending
FNDA:0,(anonymous_2)
DA:2,1
DA:3,1
DA:5,1
DA:6,0
DA:7,0
DA:10,0
LF:6
LH:3
BRDA:9,0,0,0
BRDA:9,0,1,0
BRDA:9,1,0,0
BRDA:9,1,1,0
BRDA:9,2,0,0
BRDA:9,2,1,0
BRF:6
BRH:0
end_of_record
TN:
SF:src\components\TaskList\Total.tsx
FN:5,Total
FN:10,(anonymous_2)
FNF:2
FNH:1
FNDA:1,Total
FNDA:0,(anonymous_2)
DA:2,1
DA:3,1
DA:5,1
DA:6,1
DA:7,1
DA:11,0
LF:6
LH:5
BRDA:10,0,0,0
BRDA:10,0,1,1
BRDA:10,1,0,0
BRDA:10,1,1,0
BRDA:10,2,0,0
BRDA:10,2,1,0
BRF:6
BRH:1
end_of_record
TN:
SF:src\components\cards\CompletedTasks.tsx
FN:3,CompletedTasks
FNF:1
FNH:1
FNDA:1,CompletedTasks
DA:1,1
DA:3,1
DA:8,1
LF:3
LH:3
BRF:0
BRH:0
end_of_record
TN:
SF:src\components\cards\PendingTasks.tsx
FN:3,PendingTasks
FNF:1
FNH:1
FNDA:1,PendingTasks
DA:1,1
DA:3,1
DA:8,1
LF:3
LH:3
BRF:0
BRH:0
end_of_record
TN:
SF:src\components\cards\TotalTasks.tsx
FN:3,TotalTasks
FNF:1
FNH:1
FNDA:2,TotalTasks
DA:1,2
DA:3,2
DA:4,2
LF:3
LH:3
BRF:0
BRH:0
end_of_record
TN:
SF:src\components\modal\AddTask.tsx
FN:6,AddTask
FN:20,(anonymous_2)
FN:22,(anonymous_3)
FN:34,(anonymous_4)
FN:38,(anonymous_5)
FN:43,(anonymous_6)
FNF:6
FNH:0
FNDA:0,AddTask
FNDA:0,(anonymous_2)
FNDA:0,(anonymous_3)
FNDA:0,(anonymous_4)
FNDA:0,(anonymous_5)
FNDA:0,(anonymous_6)
DA:1,1
DA:2,1
DA:3,1
DA:4,1
DA:6,1
DA:13,0
DA:18,0
DA:20,0
DA:21,0
DA:22,0
DA:24,0
DA:27,0
DA:31,0
DA:34,0
DA:37,0
DA:38,0
DA:43,0
DA:44,0
DA:45,0
DA:46,0
DA:48,0
LF:21
LH:5
BRF:0
BRH:0
end_of_record
TN:
SF:src\components\modal\DeleteModal.tsx
FN:6,DeleteTask
FN:17,(anonymous_9)
FN:17,(anonymous_10)
FN:34,(anonymous_11)
FN:40,(anonymous_12)
FNF:5
FNH:0
FNDA:0,DeleteTask
FNDA:0,(anonymous_9)
FNDA:0,(anonymous_10)
FNDA:0,(anonymous_11)
FNDA:0,(anonymous_12)
DA:2,1
DA:3,1
DA:4,1
DA:6,1
DA:15,0
DA:17,0
DA:18,0
DA:19,0
DA:23,0
DA:34,0
DA:40,0
LF:11
LH:4
BRF:0
BRH:0
end_of_record
TN:
SF:src\components\modal\EditModal.tsx
FN:7,EditTask
FN:20,(anonymous_2)
FN:24,(anonymous_3)
FN:29,(anonymous_4)
FNF:4
FNH:0
FNDA:0,EditTask
FNDA:0,(anonymous_2)
FNDA:0,(anonymous_3)
FNDA:0,(anonymous_4)
DA:1,1
DA:2,1
DA:3,1
DA:5,1
DA:7,1
DA:16,0
DA:18,0
DA:20,0
DA:23,0
DA:24,0
DA:29,0
DA:30,0
DA:31,0
DA:32,0
DA:33,0
DA:35,0
LF:16
LH:5
BRF:0
BRH:0
end_of_record
TN:
SF:src\components\modal\Modal.tsx
FN:5,(anonymous_1)
FN:23,(anonymous_2)
FNF:2
FNH:0
FNDA:0,(anonymous_1)
FNDA:0,(anonymous_2)
DA:1,1
DA:2,1
DA:5,1
DA:23,0
DA:24,0
DA:28,0
DA:73,1
LF:7
LH:4
BRDA:10,0,0,0
BRDA:38,1,0,0
BRDA:38,1,1,0
BRF:3
BRH:0
end_of_record
TN:
SF:src\components\reusables\Button.tsx
FN:13,(anonymous_1)
FNF:1
FNH:1
FNDA:7,(anonymous_1)
DA:1,2
DA:2,2
DA:13,2
DA:21,7
DA:37,2
LF:5
LH:5
BRDA:14,0,0,4
BRDA:18,1,0,7
BRDA:19,2,0,1
BRDA:31,3,0,7
BRDA:31,3,1,1
BRF:5
BRH:5
end_of_record
TN:
SF:src\components\reusables\Form.tsx
FN:4,Form
FN:55,(anonymous_2)
FNF:2
FNH:2
FNDA:3,Form
FNDA:1,(anonymous_2)
DA:2,2
DA:4,2
DA:17,3
DA:55,1
LF:4
LH:4
BRF:0
BRH:0
end_of_record
TN:
SF:src\components\reusables\Progress.tsx
FN:2,Progress
FNF:1
FNH:1
FNDA:1,Progress
DA:2,1
DA:4,1
DA:6,1
LF:3
LH:3
BRDA:4,0,0,0
BRDA:4,0,1,1
BRF:2
BRH:1
end_of_record
TN:
SF:src\components\reusables\Tabs.tsx
FN:1,Tabs
FN:12,(anonymous_1)
FN:15,(anonymous_2)
FNF:3
FNH:2
FNDA:1,Tabs
FNDA:3,(anonymous_1)
FNDA:0,(anonymous_2)
DA:1,1
DA:10,1
DA:13,3
DA:15,0
LF:4
LH:3
BRDA:18,0,0,3
BRDA:18,0,1,1
BRF:2
BRH:2
end_of_record
